<?xml version="1.0" encoding="UTF-8" ?>
<testsuite tests="1" failures="0" name="com.vdranik.dynamodb.TestItemDao" time="0.768" errors="1" skipped="0">
  <properties>
[...]
</properties>
  <testcase classname="com.vdranik.dynamodb.TestItemDao" name="testDynamoDB" time="0.768">
    <error type="java.lang.NullPointerException">java.lang.NullPointerException
	at com.amazonaws.services.dynamodbv2.local.shared.access.sqlite.SQLiteDBAccess.initializeMetadataTables(SQLiteDBAccess.java:391)
	at com.amazonaws.services.dynamodbv2.local.shared.access.sqlite.SQLiteDBAccess.&lt;init&gt;(SQLiteDBAccess.java:227)
	at com.amazonaws.services.dynamodbv2.local.shared.access.sqlite.SQLiteDBAccess.&lt;init&gt;(SQLiteDBAccess.java:196)
	at com.amazonaws.services.dynamodbv2.local.embedded.DynamoDBEmbedded.create(DynamoDBEmbedded.java:45)
	at com.amazonaws.services.dynamodbv2.local.embedded.DynamoDBEmbedded.create(DynamoDBEmbedded.java:35)
	at com.vdranik.dynamodb.TestItemDao.before(TestItemDao.java:18)
	at sun.reflect.NativeMethodAccessorImpl.invoke0(Native Method)
	at sun.reflect.NativeMethodAccessorImpl.invoke(NativeMethodAccessorImpl.java:62)
	at sun.reflect.DelegatingMethodAccessorImpl.invoke(DelegatingMethodAccessorImpl.java:43)
	at java.lang.reflect.Method.invoke(Method.java:498)
	at org.junit.runners.model.FrameworkMethod$1.runReflectiveCall(FrameworkMethod.java:50)
	at org.junit.internal.runners.model.ReflectiveCallable.run(ReflectiveCallable.java:12)
	at org.junit.runners.model.FrameworkMethod.invokeExplosively(FrameworkMethod.java:47)
	at org.junit.internal.runners.statements.RunBefores.evaluate(RunBefores.java:24)
	at org.junit.runners.ParentRunner.runLeaf(ParentRunner.java:325)
	at org.junit.runners.BlockJUnit4ClassRunner.runChild(BlockJUnit4ClassRunner.java:78)
	at org.junit.runners.BlockJUnit4ClassRunner.runChild(BlockJUnit4ClassRunner.java:57)
	at org.junit.runners.ParentRunner$3.run(ParentRunner.java:290)
	at org.junit.runners.ParentRunner$1.schedule(ParentRunner.java:71)
	at org.junit.runners.ParentRunner.runChildren(ParentRunner.java:288)
	at org.junit.runners.ParentRunner.access$000(ParentRunner.java:58)
	at org.junit.runners.ParentRunner$2.evaluate(ParentRunner.java:268)
	at org.junit.runners.ParentRunner.run(ParentRunner.java:363)
	at org.apache.maven.surefire.junit4.JUnit4Provider.execute(JUnit4Provider.java:252)
	at org.apache.maven.surefire.junit4.JUnit4Provider.executeTestSet(JUnit4Provider.java:141)
	at org.apache.maven.surefire.junit4.JUnit4Provider.invoke(JUnit4Provider.java:112)
	at sun.reflect.NativeMethodAccessorImpl.invoke0(Native Method)
	at sun.reflect.NativeMethodAccessorImpl.invoke(NativeMethodAccessorImpl.java:62)
	at sun.reflect.DelegatingMethodAccessorImpl.invoke(DelegatingMethodAccessorImpl.java:43)
	at java.lang.reflect.Method.invoke(Method.java:498)
	at org.apache.maven.surefire.util.ReflectionUtils.invokeMethodWithArray(ReflectionUtils.java:189)
	at org.apache.maven.surefire.booter.ProviderFactory$ProviderProxy.invoke(ProviderFactory.java:165)
	at org.apache.maven.surefire.booter.ProviderFactory.invokeProvider(ProviderFactory.java:85)
	at org.apache.maven.surefire.booter.ForkedBooter.runSuitesInProcess(ForkedBooter.java:115)
	at org.apache.maven.surefire.booter.ForkedBooter.main(ForkedBooter.java:75)
</error>
    <system-err>ERROR StatusLogger Log4j2 could not find a logging implementation. Please add log4j-core to the classpath. Using SimpleLogger to log to the console...
Dec 22, 2018 3:10:43 PM com.almworks.sqlite4java.Internal log
WARNING: [sqlite] cannot open DB[1]: com.almworks.sqlite4java.SQLiteException: [-91] cannot load library: com.almworks.sqlite4java.SQLiteException: [-91] sqlite4java cannot find native library
Dec 22, 2018 3:10:43 PM com.almworks.sqlite4java.Internal log
SEVERE: [sqlite] SQLiteQueue[]: error running job queue
com.almworks.sqlite4java.SQLiteException: [-91] cannot load library: com.almworks.sqlite4java.SQLiteException: [-91] sqlite4java cannot find native library
	at com.almworks.sqlite4java.SQLite.loadLibrary(SQLite.java:97)
	at com.almworks.sqlite4java.SQLiteConnection.open0(SQLiteConnection.java:1441)
	at com.almworks.sqlite4java.SQLiteConnection.open(SQLiteConnection.java:282)
	at com.almworks.sqlite4java.SQLiteConnection.open(SQLiteConnection.java:293)
	at com.almworks.sqlite4java.SQLiteQueue.openConnection(SQLiteQueue.java:464)
	at com.almworks.sqlite4java.SQLiteQueue.queueFunction(SQLiteQueue.java:641)
	at com.almworks.sqlite4java.SQLiteQueue.runQueue(SQLiteQueue.java:623)
	at com.almworks.sqlite4java.SQLiteQueue.access$000(SQLiteQueue.java:77)
	at com.almworks.sqlite4java.SQLiteQueue$1.run(SQLiteQueue.java:205)
	at java.lang.Thread.run(Thread.java:748)
Caused by: com.almworks.sqlite4java.SQLiteException: [-91] sqlite4java cannot find native library
	at com.almworks.sqlite4java.Internal.loadLibraryX(Internal.java:136)
	at com.almworks.sqlite4java.SQLite.loadLibrary(SQLite.java:95)
	... 9 more

Dec 22, 2018 3:10:43 PM com.almworks.sqlite4java.Internal log
SEVERE: [sqlite] SQLiteQueue[]: stopped abnormally, reincarnation is not possible for in-memory database
</system-err>
  </testcase>
</testsuite>